d 3 19
d 3 30
d 3 55
d 3 85
d 3 92
d 6 4
d 6 40
d 6 49
d 4 14
d 4 16
d 6 69
d 4 19
d 6 76
d 6 96
d 4 22
d 4 24
d 4 52
d 5 10
d 5 21
d 3 23
d 3 100
d 5 27
d 5 37
d 3 25
d 3 1
d 5 39
d 5 46
d 5 47
d 5 48
d 5 59
d 5 61
d 5 80
d 3 38
d 4 3
d 3 57
d 4 6
d 4 7
d 4 34
d 4 35
d 4 69
d 3 46
d 3 26
d 3 87
d 3 7
d 3 62
d 3 54
d 3 89
d 3 83
d 3 3
d 6 52
d 3 14
d 3 18
d 5 11
d 3 37
d 3 78
d 3 86
d 3 17
d 4 8
d 3 73
d 3 9
d 3 43
d 6 67
d 3 33
d 3 56
d 3 49
d 3 90
d 6 3
d 3 81
d 5 62
d 3 71
d 3 28
d 3 29
d 3 44
d 3 50
d 3 34
d 3 36
d 3 66
d 3 84
d 3 96
d 3 97
d 3 41
d 3 51
d 5 34
d 3 53
d 3 99
d 6 9
d 3 65
d 4 13
d 6 89
d 4 89
d 3 80
d 3 15
d 6 41
d 6 54
d 6 56
d 3 91
d 6 11
d 3 8
d 5 31
d 5 96
d 3 5
d 3 63
d 3 59
d 3 72
d 3 10
d 3 61
d 6 88
d 6 48
d 6 18
d 6 6
d 4 37
d 5 36
d 5 13
d 3 22
d 6 30
d 4 15
d 4 23
d 3 45
d 4 59
d 6 16
d 3 70
d 6 8
d 6 46
d 3 48
d 3 21
d 3 27
d 4 21
d 5 19
d 3 77
d 6 32
d 6 39
d 3 74
d 4 74
d 3 39
d 4 33
d 5 16
d 4 9
d 6 42
d 6 64
d 4 4
d 4 12
d 3 24
d 4 27
d 5 8
d 3 11
d 4 38
d 3 4
d 6 71
d 4 42
d 3 67
d 4 48
d 5 44
d 6 21
d 3 12
d 3 75
d 5 12
d 6 59
d 4 18
d 6 23
d 4 60
d 6 82
d 5 5
d 6 50
d 3 20
d 3 79
d 4 2
d 4 36
d 3 60
d 4 57
d 5 41
d 4 78
d 4 26
d 4 98
d 3 35
d 4 73
d 3 40
d 6 19
d 3 82
d 4 11
d 4 80
d 3 68
d 4 28
d 6 1
d 6 74
d 6 91
d 5 45
d 4 86
d 4 56
d 4 75
d 6 31
d 5 56
d 5 28
d 4 68
d 3 88
d 6 97
d 3 58
d 6 35
d 4 77
d 6 81
d 4 39
d 5 4
d 5 98
d 4 72
d 3 2
d 3 32
d 4 92
d 5 23
d 4 20
d 6 87
d 3 98
d 5 89
d 6 79
d 3 93
d 6 93
d 5 58
d 3 95
d 3 6
d 5 90
d 4 44
d 6 28
d 4 84
d 5 2
d 3 16
d 6 14
d 4 51
d 6 45
d 4 64
d 4 79
d 4 46
d 4 40
d 4 1
d 5 92
d 5 14
d 6 37
d 3 31
d 6 36
d 6 34
d 3 13
d 6 98
d 6 10
d 3 69
d 5 32
d 6 55
d 4 29
d 5 78
d 6 13
d 6 20
d 6 26
d 5 51
d 6 94
d 3 52
d 6 92
d 5 43
d 4 61
d 6 47
d 5 69
d 3 76
d 3 94
d 5 3
d 5 63
d 4 10
d 6 78
d 5 88
d 5 35
d 6 25
d 4 53
d 4 93
d 4 43
d 6 75
d 4 65
d 5 70
d 3 42
d 4 70
d 6 90
d 5 15
d 4 82
d 6 5
d 4 66
d 4 5
d 4 30
d 6 53
d 6 73
d 5 93
d 5 54
d 4 94
d 4 99
d 6 61
d 5 74
d 6 38
d 5 20
d 4 83
d 4 97
d 4 67
d 6 2
d 4 87
d 5 38
d 5 7
d 5 95
d 5 75
d 6 84
d 5 49
d 5 25
d 6 57
d 4 63
d 5 73
d 4 62
d 5 85
d 6 22
d 5 53
d 6 62
d 6 65
d 6 83
d 5 1
d 5 94
d 4 90
d 6 24
d 5 29
d 4 95
d 5 33
d 5 66
d 4 49
d 6 99
d 5 83
d 5 52
d 4 54
d 4 50
d 6 60
d 4 55
d 6 95
d 5 26
d 5 55
d 4 58
d 4 71
d 6 15
d 5 9
d 4 25
d 6 29
d 6 58
d 6 85
d 6 66
d 5 30
d 5 87
d 5 86
d 4 88
d 5 18
d 6 12
d 4 17
d 5 67
d 4 47
d 5 82
d 4 91
d 5 50
d 5 84
d 6 44
d 6 68
d 6 77
d 5 77
d 5 64
d 4 32
d 5 24
d 4 85
d 5 71
d 3 47
d 6 7
d 5 65
d 5 81
d 5 57
d 5 6
d 4 41
d 6 80
d 5 68
d 5 97
d 4 96
d 6 33
d 4 81
d 2 23
d 2 25
d 4 31
d 2 30
d 2 31
d 5 72
d 6 51
d 3 64
d 2 42
d 2 43
d 5 79
d 2 49
d 2 53
d 2 60
d 6 63
d 6 86
d 5 100
d 2 87
d 4 100
d 4 45
d 6 43
d 5 60
d 6 100
d 6 72
d 4 76
d 5 91
d 5 99
d 6 17
d 6 70
d 5 42
d 5 76
d 6 27
d 2 47
d 2 54
d 2 58
d 2 59
d 2 72
d 2 73
d 2 75
d 2 98
d 2 38
d 2 3
d 2 17
d 2 29
d 2 56
d 2 78
d 2 61
d 2 45
d 2 18
d 2 50
d 2 32
d 2 7
d 2 21
d 2 15
d 2 93
d 2 20
d 2 89
d 2 67
d 2 28
d 2 9
d 2 37
d 2 83
d 2 36
d 2 76
d 2 12
d 2 6
d 2 27
d 2 84
d 2 13
d 2 4
d 2 57
d 2 16
d 2 19
d 2 22
d 2 79
d 2 26
d 2 71
d 2 66
d 2 1
d 2 34
d 2 39
d 2 69
d 2 35
d 2 88
d 2 92
d 2 97
d 2 62
d 2 48
d 2 85
d 2 90
d 2 52
d 2 70
d 2 2
d 2 33
d 2 5
d 2 91
d 2 74
d 2 96
d 2 82
d 2 46
d 2 55
d 2 81
d 2 24
d 2 100
d 2 64
d 2 11
d 2 80
d 2 44
d 2 86
d 2 63
d 2 51
d 2 40
d 2 10
d 2 99
d 2 41
d 2 65
d 2 94
d 2 68
d 2 95
d 2 14
d 2 77
d 2 8
d 5 22
d 5 40
d 5 17
